[debug] [2022-02-13T14:39:45.223Z] ----------------------------------------------------------------------
[debug] [2022-02-13T14:39:45.225Z] Command:       C:\Program Files\nodejs\node.exe C:\Users\Admin\AppData\Roaming\npm\node_modules\firebase-tools\lib\bin\firebase.js hosting:disable
[debug] [2022-02-13T14:39:45.226Z] CLI Version:   10.2.0
[debug] [2022-02-13T14:39:45.226Z] Platform:      win32
[debug] [2022-02-13T14:39:45.226Z] Node Version:  v14.16.0
[debug] [2022-02-13T14:39:45.227Z] Time:          Sun Feb 13 2022 21:39:45 GMT+0700 (Indochina Time)
[debug] [2022-02-13T14:39:45.227Z] ----------------------------------------------------------------------
[debug] 
[debug] [2022-02-13T14:39:45.311Z] > command requires scopes: ["email","openid","https://www.googleapis.com/auth/cloudplatformprojects.readonly","https://www.googleapis.com/auth/firebase","https://www.googleapis.com/auth/cloud-platform"]
[debug] [2022-02-13T14:39:45.312Z] > authorizing via signed-in user (soul.gemini305@gmail.com)
[debug] [2022-02-13T14:39:45.312Z] [iam] checking project drake-social-app for permissions ["firebase.projects.get","firebasehosting.sites.update"]
[debug] [2022-02-13T14:39:45.314Z] > refreshing access token with scopes: []
[debug] [2022-02-13T14:39:45.314Z] >>> HTTP REQUEST POST https://www.googleapis.com/oauth2/v3/token  
 <request body omitted>
[debug] [2022-02-13T14:39:45.484Z] <<< HTTP RESPONSE 200 {"cache-control":"no-cache, no-store, max-age=0, must-revalidate","pragma":"no-cache","date":"Sun, 13 Feb 2022 14:39:45 GMT","expires":"Mon, 01 Jan 1990 00:00:00 GMT","content-type":"application/json; charset=utf-8","vary":"X-Origin, Referer, Origin,Accept-Encoding","server":"scaffolding on HTTPServer2","x-xss-protection":"0","x-frame-options":"SAMEORIGIN","x-content-type-options":"nosniff","alt-svc":"h3=\":443\"; ma=2592000,h3-29=\":443\"; ma=2592000,h3-Q050=\":443\"; ma=2592000,h3-Q046=\":443\"; ma=2592000,h3-Q043=\":443\"; ma=2592000,quic=\":443\"; ma=2592000; v=\"46,43\"","accept-ranges":"none","transfer-encoding":"chunked"}
[debug] [2022-02-13T14:39:45.496Z] >>> [apiv2][query] POST https://cloudresourcemanager.googleapis.com/v1/projects/drake-social-app:testIamPermissions [none]
[debug] [2022-02-13T14:39:45.497Z] >>> [apiv2][body] POST https://cloudresourcemanager.googleapis.com/v1/projects/drake-social-app:testIamPermissions {"permissions":["firebase.projects.get","firebasehosting.sites.update"]}
[debug] [2022-02-13T14:39:46.424Z] <<< [apiv2][status] POST https://cloudresourcemanager.googleapis.com/v1/projects/drake-social-app:testIamPermissions 200
[debug] [2022-02-13T14:39:46.424Z] <<< [apiv2][body] POST https://cloudresourcemanager.googleapis.com/v1/projects/drake-social-app:testIamPermissions {"permissions":["firebase.projects.get","firebasehosting.sites.update"]}
[debug] [2022-02-13T14:39:46.426Z] >>> [apiv2][query] GET https://firebase.googleapis.com/v1beta1/projects/drake-social-app [none]
[debug] [2022-02-13T14:39:46.732Z] <<< [apiv2][status] GET https://firebase.googleapis.com/v1beta1/projects/drake-social-app 200
[debug] [2022-02-13T14:39:46.732Z] <<< [apiv2][body] GET https://firebase.googleapis.com/v1beta1/projects/drake-social-app {"projectId":"drake-social-app","projectNumber":"323874378086","displayName":"drake-social-app","name":"projects/drake-social-app","resources":{"hostingSite":"drake-social-app","storageBucket":"drake-social-app.appspot.com","locationId":"us-central"},"state":"ACTIVE"}
